  ╨Ч╨┤╨╡╤Б╤М ╨╜╤Г╨╢╨╜╨╛ ╤А╨░╨╖╨╛╨▒╤А╨░╤В╤М╤Б╤П ╤Б ╨║╨╗╤О╤З╨░╨╝╨╕. ╨Ш ╨┤╨╛╨▒╨░╨▓╨╕╤В╤М ╨┐╨╛╨┤╨┤╨╡╤А╨╢╨║╤Г Mixed_COC @Debrovski
  minilua.c
  LINK : minilua.exe not found or not built by the last incremental link; performing full link
     Creating library minilua.lib and object minilua.exp
  DASM=..\dynasm\dynasm.lua DASMFLAGS=-D WIN -D JIT -D FFI -D P64 DASC=vm_x64.dasc
  buildvm.c
  buildvm_asm.c
  buildvm_fold.c
  buildvm_lib.c
  buildvm_peobj.c
  LINK : buildvm.exe not found or not built by the last incremental link; performing full link
     Creating library buildvm.lib and object buildvm.exp
  lj_alloc.c
  lj_api.c
  lj_asm.c
  lj_bc.c
  lj_bcread.c
  lj_bcwrite.c
  lj_buf.c
  lj_carith.c
  lj_ccall.c
  lj_ccallback.c
  lj_cconv.c
  lj_cdata.c
  lj_char.c
  lj_clib.c
  lj_cparse.c
  lj_crecord.c
  lj_ctype.c
  lj_debug.c
  lj_dispatch.c
  lj_err.c
  lj_ffrecord.c
  lj_func.c
  lj_gc.c
  lj_gdbjit.c
  lj_ir.c
  lj_lex.c
  lj_lib.c
  lj_load.c
  lj_mcode.c
  lj_meta.c
  lj_obj.c
  lj_opt_dce.c
  lj_opt_fold.c
  lj_opt_loop.c
  lj_opt_mem.c
  lj_opt_narrow.c
  lj_opt_sink.c
  lj_opt_split.c
  lj_parse.c
  lj_profile.c
  lj_record.c
  lj_snap.c
  lj_state.c
  lj_str.c
  lj_strfmt.c
  lj_strfmt_num.c
  lj_strscan.c
  lj_tab.c
  lj_trace.c
  lj_udata.c
  lj_vmevent.c
  lj_vmmath.c
  lib_aux.c
  lib_base.c
  lib_bit.c
  lib_debug.c
lib_base.c(302): warning C4146: unary minus operator applied to unsigned type, result still unsigned
  lib_ffi.c
  lib_init.c
  lib_io.c
  lib_jit.c
  lib_math.c
  lib_os.c
  lib_package.c
  lib_string.c
  lib_table.c
     Creating library ..\..\..\_build\bin\Win64\Release_COC\\LuaJIT.lib and object ..\..\..\_build\bin\Win64\Release_COC\\LuaJIT.exp
  luajit.c
     Creating library ..\..\..\_build\bin\Win64\Release_COC\\Lua_JIT.lib and object ..\..\..\_build\bin\Win64\Release_COC\\Lua_JIT.exp
  jit\.gitignore
  jit\bc.lua
  jit\bcsave.lua
  jit\dis_arm.lua
  jit\dis_arm64.lua
  jit\dis_arm64be.lua
  jit\dis_mips.lua
  jit\dis_mips64.lua
  jit\dis_mips64el.lua
  jit\dis_mipsel.lua
  jit\dis_ppc.lua
  jit\dis_x64.lua
  jit\dis_x86.lua
  jit\dump.lua
  jit\p.lua
  jit\v.lua
  jit\vmdef.lua
  jit\zone.lua
  Скопировано файлов:        18.
  
  === Successfully built LuaJIT for Windows/x64 ===
